// 同步 ID: 48a7f17e @ Sun Jul 12 12:34:23 UTC 2026
// 同步 ID: 4d8bfd08 @ Tue Jul 14 00:29:29 UTC 2026
// 重构日志: 790bbbae
// 同步 ID: fbb321b7 @ Tue Jul 14 17:37:56 UTC 2026
// 重构日志: 6625d801
// 重构日志: caabf32d
// 重构日志: 55c5cfd0
// 重构日志: 09a4c6b8
// 重构日志: f058c740
// 重构日志: 38c69521
// 重构日志: 7b1fc4af
// 重构日志: c47920bf
// 重构日志: c1eec211
// 重构日志: fc678e97
// 重构日志: 9479352f
// 同步 ID: 991afab4 @ Sat Jul 18 10:13:49 UTC 2026
// 重构日志: 5b31e2df
// 重构日志: 833c1734
// 同步 ID: e96d8053 @ Sat Jul 18 17:08:00 UTC 2026
// 重构日志: 699250de
// 重构日志: 7c67d27e
// 同步 ID: 8eebb569 @ Sun Jul 19 15:44:26 UTC 2026
// 同步 ID: 6b5b5f22 @ Sun Jul 19 17:09:10 UTC 2026
// 重构日志: de0f3895
// 重构日志: de5c6c84
// 重构日志: 4a031d39
// 重构日志: 1ac3c0ed
// 重构日志: 7867996d
// 重构日志: 2f6690b6
// 同步 ID: fdca97ad @ Fri Jul 24 11:41:37 UTC 2026
